Temp/gradleOut/build/outputs/logs/manifest-merger-release-report.txt
-- Merging decision tree log ---
manifest
ADDED from src/main/AndroidManifest.xml:2:1-22:12
INJECTED from src/main/AndroidManifest.xml:2:1-22:12
INJECTED from src/main/AndroidManifest.xml:2:1-22:12
INJECTED from src/main/AndroidManifest.xml:2:1-22:12
MERGED from [:AndroidPermissionManager:] AndroidManifest.xml:2:1-13:12
MERGED from [:HUAWEI AR Engine Plugin_Required:] AndroidManifest.xml:2:1-17:12
MERGED from [:HUAWEI AR Engine SDK_v1.3.0_minSDK14:] AndroidManifest.xml:2:1-27:12
MERGED from [:UnityAds:] AndroidManifest.xml:2:1-37:12
MERGED from [:arcore_client:] AndroidManifest.xml:17:1-46:12
MERGED from [:emptymodulenoresizeable:] AndroidManifest.xml:2:1-17:12
MERGED from [:google_ar_optional:] AndroidManifest.xml:2:1-10:12
INJECTED from src/main/AndroidManifest.xml:2:1-22:12
INJECTED from src/main/AndroidManifest.xml:2:1-22:12
INJECTED from src/main/AndroidManifest.xml:2:1-22:12
	package
		ADDED from src/main/AndroidManifest.xml:2:70-93
		INJECTED from src/main/AndroidManifest.xml
		INJECTED from src/main/AndroidManifest.xml
	android:versionName
		INJECTED from src/main/AndroidManifest.xml
		ADDED from src/main/AndroidManifest.xml:2:1-22:12
		INJECTED from src/main/AndroidManifest.xml
	xmlns:tools
		ADDED from src/main/AndroidManifest.xml:2:94-140
	android:versionCode
		INJECTED from src/main/AndroidManifest.xml
		ADDED from src/main/AndroidManifest.xml:2:1-22:12
		INJECTED from src/main/AndroidManifest.xml
	xmlns:android
		ADDED from src/main/AndroidManifest.xml:2:11-69
	android:installLocation
		ADDED from src/main/AndroidManifest.xml:2:141-181
supports-screens
ADDED from src/main/AndroidManifest.xml:3:3-163
	android:largeScreens
		ADDED from src/main/AndroidManifest.xml:3:78-105
	android:smallScreens
		ADDED from src/main/AndroidManifest.xml:3:21-48
	android:normalScreens
		ADDED from src/main/AndroidManifest.xml:3:49-77
	android:xlargeScreens
		ADDED from src/main/AndroidManifest.xml:3:106-134
	android:anyDensity
		ADDED from src/main/AndroidManifest.xml:3:135-160
application
ADDED from src/main/AndroidManifest.xml:4:3-16:17
MERGED from [:HUAWEI AR Engine Plugin_Required:] AndroidManifest.xml:11:5-15:19
MERGED from [:HUAWEI AR Engine Plugin_Required:] AndroidManifest.xml:11:5-15:19
MERGED from [:HUAWEI AR Engine SDK_v1.3.0_minSDK14:] AndroidManifest.xml:14:5-25:19
MERGED from [:HUAWEI AR Engine SDK_v1.3.0_minSDK14:] AndroidManifest.xml:14:5-25:19
MERGED from [:UnityAds:] AndroidManifest.xml:14:5-35:19
MERGED from [:UnityAds:] AndroidManifest.xml:14:5-35:19
MERGED from [:arcore_client:] AndroidManifest.xml:30:5-44:19
MERGED from [:arcore_client:] AndroidManifest.xml:30:5-44:19
MERGED from [:emptymodulenoresizeable:] AndroidManifest.xml:11:5-15:19
MERGED from [:emptymodulenoresizeable:] AndroidManifest.xml:11:5-15:19
MERGED from [:google_ar_optional:] AndroidManifest.xml:7:5-9:19
MERGED from [:google_ar_optional:] AndroidManifest.xml:7:5-9:19
	android:label
		ADDED from src/main/AndroidManifest.xml:4:90-122
	android:resizeableActivity
		ADDED from [:emptymodulenoresizeable:] AndroidManifest.xml:11:18-52
	android:icon
		ADDED from src/main/AndroidManifest.xml:4:58-89
	android:banner
		ADDED from src/main/AndroidManifest.xml:4:145-182
	android:theme
		ADDED from src/main/AndroidManifest.xml:4:16-57
	android:isGame
		ADDED from src/main/AndroidManifest.xml:4:123-144
activity#com.unity3d.player.UnityPlayerActivity
ADDED from src/main/AndroidManifest.xml:5:5-12:16
	android:screenOrientation
		ADDED from src/main/AndroidManifest.xml:5:102-144
	android:label
		ADDED from src/main/AndroidManifest.xml:5:69-101
	android:launchMode
		ADDED from src/main/AndroidManifest.xml:5:145-176
	android:hardwareAccelerated
		ADDED from src/main/AndroidManifest.xml:5:359-394
	android:configChanges
		ADDED from src/main/AndroidManifest.xml:5:177-358
	android:name
		ADDED from src/main/AndroidManifest.xml:5:15-68
intent-filter#action:name:android.intent.action.MAIN+category:name:android.intent.category.LAUNCHER+category:name:android.intent.category.LEANBACK_LAUNCHER
ADDED from src/main/AndroidManifest.xml:6:7-10:23
action#android.intent.action.MAIN
ADDED from src/main/AndroidManifest.xml:7:9-61
	android:name
		ADDED from src/main/AndroidManifest.xml:7:17-58
category#android.intent.category.LAUNCHER
ADDED from src/main/AndroidManifest.xml:8:9-69
	android:name
		ADDED from src/main/AndroidManifest.xml:8:19-66
category#android.intent.category.LEANBACK_LAUNCHER
ADDED from src/main/AndroidManifest.xml:9:9-78
	android:name
		ADDED from src/main/AndroidManifest.xml:9:19-75
meta-data#unityplayer.UnityActivity
ADDED from src/main/AndroidManifest.xml:11:7-82
	android:value
		ADDED from src/main/AndroidManifest.xml:11:59-79
	android:name
		ADDED from src/main/AndroidManifest.xml:11:18-58
meta-data#unity.build-id
ADDED from src/main/AndroidManifest.xml:13:5-101
	android:value
		ADDED from src/main/AndroidManifest.xml:13:46-98
	android:name
		ADDED from src/main/AndroidManifest.xml:13:16-45
meta-data#unity.splash-mode
ADDED from src/main/AndroidManifest.xml:14:5-69
	android:value
		ADDED from src/main/AndroidManifest.xml:14:49-66
	android:name
		ADDED from src/main/AndroidManifest.xml:14:16-48
meta-data#unity.splash-enable
ADDED from src/main/AndroidManifest.xml:15:5-74
	android:value
		ADDED from src/main/AndroidManifest.xml:15:51-71
	android:name
		ADDED from src/main/AndroidManifest.xml:15:16-50
uses-feature#0x00020000
ADDED from src/main/AndroidManifest.xml:17:3-52
	android:glEsVersion
		ADDED from src/main/AndroidManifest.xml:17:17-49
uses-permission#android.permission.INTERNET
ADDED from src/main/AndroidManifest.xml:18:3-65
MERGED from [:HUAWEI AR Engine SDK_v1.3.0_minSDK14:] AndroidManifest.xml:12:5-67
MERGED from [:HUAWEI AR Engine SDK_v1.3.0_minSDK14:] AndroidManifest.xml:12:5-67
MERGED from [:UnityAds:] AndroidManifest.xml:12:5-67
MERGED from [:UnityAds:] AndroidManifest.xml:12:5-67
	android:name
		ADDED from src/main/AndroidManifest.xml:18:20-62
uses-feature#android.hardware.touchscreen
ADDED from src/main/AndroidManifest.xml:19:3-88
	android:required
		ADDED from src/main/AndroidManifest.xml:19:61-85
	android:name
		ADDED from src/main/AndroidManifest.xml:19:17-60
uses-feature#android.hardware.touchscreen.multitouch
ADDED from src/main/AndroidManifest.xml:20:3-99
	android:required
		ADDED from src/main/AndroidManifest.xml:20:72-96
	android:name
		ADDED from src/main/AndroidManifest.xml:20:17-71
uses-feature#android.hardware.touchscreen.multitouch.distinct
ADDED from src/main/AndroidManifest.xml:21:3-108
	android:required
		ADDED from src/main/AndroidManifest.xml:21:81-105
	android:name
		ADDED from src/main/AndroidManifest.xml:21:17-80
uses-sdk
INJECTED from src/main/AndroidManifest.xml reason: use-sdk injection requested
INJECTED from src/main/AndroidManifest.xml
INJECTED from src/main/AndroidManifest.xml
MERGED from [:AndroidPermissionManager:] AndroidManifest.xml:7:5-9:41
MERGED from [:AndroidPermissionManager:] AndroidManifest.xml:7:5-9:41
MERGED from [:HUAWEI AR Engine Plugin_Required:] AndroidManifest.xml:7:5-9:41
MERGED from [:HUAWEI AR Engine Plugin_Required:] AndroidManifest.xml:7:5-9:41
MERGED from [:HUAWEI AR Engine SDK_v1.3.0_minSDK14:] AndroidManifest.xml:7:5-9:41
MERGED from [:HUAWEI AR Engine SDK_v1.3.0_minSDK14:] AndroidManifest.xml:7:5-9:41
MERGED from [:UnityAds:] AndroidManifest.xml:7:5-9:41
MERGED from [:UnityAds:] AndroidManifest.xml:7:5-9:41
MERGED from [:arcore_client:] AndroidManifest.xml:26:5-28:41
MERGED from [:arcore_client:] AndroidManifest.xml:26:5-28:41
MERGED from [:emptymodulenoresizeable:] AndroidManifest.xml:7:5-9:41
MERGED from [:emptymodulenoresizeable:] AndroidManifest.xml:7:5-9:41
MERGED from [:google_ar_optional:] AndroidManifest.xml:6:5-43
MERGED from [:google_ar_optional:] AndroidManifest.xml:6:5-43
INJECTED from src/main/AndroidManifest.xml
INJECTED from src/main/AndroidManifest.xml
	android:targetSdkVersion
		INJECTED from src/main/AndroidManifest.xml
		ADDED from src/main/AndroidManifest.xml
		INJECTED from src/main/AndroidManifest.xml
	android:minSdkVersion
		INJECTED from src/main/AndroidManifest.xml
		ADDED from src/main/AndroidManifest.xml
		INJECTED from src/main/AndroidManifest.xml
uses-permission#android.permission.CAMERA
ADDED from [:AndroidPermissionManager:] AndroidManifest.xml:11:5-65
MERGED from [:HUAWEI AR Engine SDK_v1.3.0_minSDK14:] AndroidManifest.xml:11:5-65
MERGED from [:HUAWEI AR Engine SDK_v1.3.0_minSDK14:] AndroidManifest.xml:11:5-65
	android:name
		ADDED from [:AndroidPermissionManager:] AndroidManifest.xml:11:22-62
meta-data#com.huawei.ar.engine
ADDED from [:HUAWEI AR Engine Plugin_Required:] AndroidManifest.xml:12:9-14:40
	android:value
		ADDED from [:HUAWEI AR Engine Plugin_Required:] AndroidManifest.xml:14:13-37
	android:name
		ADDED from [:HUAWEI AR Engine Plugin_Required:] AndroidManifest.xml:13:13-48
meta-data#hwc-theme
ADDED from [:HUAWEI AR Engine SDK_v1.3.0_minSDK14:] AndroidManifest.xml:15:9-17:61
	android:value
		ADDED from [:HUAWEI AR Engine SDK_v1.3.0_minSDK14:] AndroidManifest.xml:17:13-58
	android:name
		ADDED from [:HUAWEI AR Engine SDK_v1.3.0_minSDK14:] AndroidManifest.xml:16:13-37
activity#com.huawei.hiar.LoaderActivity
ADDED from [:HUAWEI AR Engine SDK_v1.3.0_minSDK14:] AndroidManifest.xml:19:9-24:46
	android:excludeFromRecents
		ADDED from [:HUAWEI AR Engine SDK_v1.3.0_minSDK14:] AndroidManifest.xml:22:13-46
	android:launchMode
		ADDED from [:HUAWEI AR Engine SDK_v1.3.0_minSDK14:] AndroidManifest.xml:24:13-43
	android:exported
		ADDED from [:HUAWEI AR Engine SDK_v1.3.0_minSDK14:] AndroidManifest.xml:23:13-37
	android:configChanges
		ADDED from [:HUAWEI AR Engine SDK_v1.3.0_minSDK14:] AndroidManifest.xml:21:13-74
	android:name
		ADDED from [:HUAWEI AR Engine SDK_v1.3.0_minSDK14:] AndroidManifest.xml:20:13-58
uses-permission#android.permission.ACCESS_NETWORK_STATE
ADDED from [:UnityAds:] AndroidManifest.xml:11:5-79
	android:name
		ADDED from [:UnityAds:] AndroidManifest.xml:11:22-76
activity#com.unity3d.ads.adunit.AdUnitActivity
ADDED from [:UnityAds:] AndroidManifest.xml:15:9-19:74
	android:hardwareAccelerated
		ADDED from [:UnityAds:] AndroidManifest.xml:18:13-47
	android:configChanges
		ADDED from [:UnityAds:] AndroidManifest.xml:17:13-170
	android:theme
		ADDED from [:UnityAds:] AndroidManifest.xml:19:13-71
	android:name
		ADDED from [:UnityAds:] AndroidManifest.xml:16:13-65
activity#com.unity3d.ads.adunit.AdUnitTransparentActivity
ADDED from [:UnityAds:] AndroidManifest.xml:20:9-24:86
	android:hardwareAccelerated
		ADDED from [:UnityAds:] AndroidManifest.xml:23:13-47
	android:configChanges
		ADDED from [:UnityAds:] AndroidManifest.xml:22:13-170
	android:theme
		ADDED from [:UnityAds:] AndroidManifest.xml:24:13-83
	android:name
		ADDED from [:UnityAds:] AndroidManifest.xml:21:13-76
activity#com.unity3d.ads.adunit.AdUnitTransparentSoftwareActivity
ADDED from [:UnityAds:] AndroidManifest.xml:25:9-29:86
	android:hardwareAccelerated
		ADDED from [:UnityAds:] AndroidManifest.xml:28:13-48
	android:configChanges
		ADDED from [:UnityAds:] AndroidManifest.xml:27:13-170
	android:theme
		ADDED from [:UnityAds:] AndroidManifest.xml:29:13-83
	android:name
		ADDED from [:UnityAds:] AndroidManifest.xml:26:13-84
activity#com.unity3d.ads.adunit.AdUnitSoftwareActivity
ADDED from [:UnityAds:] AndroidManifest.xml:30:9-34:74
	android:hardwareAccelerated
		ADDED from [:UnityAds:] AndroidManifest.xml:33:13-48
	android:configChanges
		ADDED from [:UnityAds:] AndroidManifest.xml:32:13-170
	android:theme
		ADDED from [:UnityAds:] AndroidManifest.xml:34:13-71
	android:name
		ADDED from [:UnityAds:] AndroidManifest.xml:31:13-73
activity#com.google.ar.core.InstallActivity
ADDED from [:arcore_client:] AndroidManifest.xml:33:9-39:80
	android:excludeFromRecents
		ADDED from [:arcore_client:] AndroidManifest.xml:36:13-46
	android:launchMode
		ADDED from [:arcore_client:] AndroidManifest.xml:38:13-43
	android:exported
		ADDED from [:arcore_client:] AndroidManifest.xml:37:13-37
	android:configChanges
		ADDED from [:arcore_client:] AndroidManifest.xml:35:13-74
	android:theme
		ADDED from [:arcore_client:] AndroidManifest.xml:39:13-77
	android:name
		ADDED from [:arcore_client:] AndroidManifest.xml:34:13-62
meta-data#com.google.ar.core.min_apk_version
ADDED from [:arcore_client:] AndroidManifest.xml:41:9-43:41
	android:value
		ADDED from [:arcore_client:] AndroidManifest.xml:43:13-38
	android:name
		ADDED from [:arcore_client:] AndroidManifest.xml:42:13-62
meta-data#unityplayer.SkipPermissionsDialog
ADDED from [:emptymodulenoresizeable:] AndroidManifest.xml:12:9-14:36
	android:value
		ADDED from [:emptymodulenoresizeable:] AndroidManifest.xml:14:13-33
	android:name
		ADDED from [:emptymodulenoresizeable:] AndroidManifest.xml:13:13-61
meta-data#com.google.ar.core
ADDED from [:google_ar_optional:] AndroidManifest.xml:8:9-81
	android:value
		ADDED from [:google_ar_optional:] AndroidManifest.xml:8:54-78
	android:name
		ADDED from [:google_ar_optional:] AndroidManifest.xml:8:20-53